# JRE version: OpenJDK Runtime Environment Microsoft-8035250 (11.0.20+8) (build 11.0.20+8-LTS)
# Java VM: OpenJDK 64-Bit Server VM Microsoft-8035250 (11.0.20+8-LTS, mixed mode, tiered, compressed oops, g1 gc, windows-amd64)
Heap:
 garbage-first heap   total 260096K, used 75386K [0x0000000080000000, 0x0000000100000000)
  region size 1024K, 26 young (26624K), 19 survivors (19456K)
 Metaspace       used 82797K, capacity 85224K, committed 85336K, reserved 591872K
  class space    used 10607K, capacity 11578K, committed 11648K, reserved 516096K
GC Heap History (18 events):
Event: 3.477 GC heap before
{Heap before GC invocations=0 (full 0):
 garbage-first heap   total 260096K, used 27648K [0x0000000080000000, 0x0000000100000000)
  region size 1024K, 24 young (24576K), 0 survivors (0K)
 Metaspace       used 10130K, capacity 10390K, committed 10624K, reserved 526336K
  class space    used 1031K, capacity 1107K, committed 1152K, reserved 516096K
}
Event: 4.405 GC heap after
{Heap after GC invocations=1 (full 0):
 garbage-first heap   total 260096K, used 10569K [0x0000000080000000, 0x0000000100000000)
  region size 1024K, 3 young (3072K), 3 survivors (3072K)
 Metaspace       used 10130K, capacity 10390K, committed 10624K, reserved 526336K
  class space    used 1031K, capacity 1107K, committed 1152K, reserved 516096K
}
Event: 23.161 GC heap before
{Heap before GC invocations=1 (full 0):
 garbage-first heap   total 260096K, used 99657K [0x0000000080000000, 0x0000000100000000)
  region size 1024K, 91 young (93184K), 3 survivors (3072K)
 Metaspace       used 20731K, capacity 21129K, committed 21296K, reserved 536576K
  class space    used 2456K, capacity 2609K, committed 2688K, reserved 516096K
}
Event: 23.168 GC heap after
{Heap after GC invocations=2 (full 0):
 garbage-first heap   total 260096K, used 18089K [0x0000000080000000, 0x0000000100000000)
  region size 1024K, 11 young (11264K), 11 survivors (11264K)
 Metaspace       used 20731K, capacity 21129K, committed 21296K, reserved 536576K
  class space    used 2456K, capacity 2609K, committed 2688K, reserved 516096K
}
Event: 25.125 GC heap before
{Heap before GC invocations=3 (full 0):
 garbage-first heap   total 260096K, used 74409K [0x0000000080000000, 0x0000000100000000)
  region size 1024K, 66 young (67584K), 11 survivors (11264K)
 Metaspace       used 25873K, capacity 26429K, committed 26624K, reserved 540672K
  class space    used 3274K, capacity 3486K, committed 3584K, reserved 516096K
}
Event: 25.138 GC heap after
{Heap after GC invocations=4 (full 0):
 garbage-first heap   total 260096K, used 20368K [0x0000000080000000, 0x0000000100000000)
  region size 1024K, 3 young (3072K), 3 survivors (3072K)
 Metaspace       used 25873K, capacity 26429K, committed 26624K, reserved 540672K
  class space    used 3274K, capacity 3486K, committed 3584K, reserved 516096K
}
Event: 28.657 GC heap before
{Heap before GC invocations=5 (full 0):
 garbage-first heap   total 260096K, used 119696K [0x0000000080000000, 0x0000000100000000)
  region size 1024K, 101 young (103424K), 3 survivors (3072K)
 Metaspace       used 37976K, capacity 38894K, committed 39040K, reserved 550912K
  class space    used 4804K, capacity 5156K, committed 5248K, reserved 516096K
}
Event: 28.664 GC heap after
{Heap after GC invocations=6 (full 0):
 garbage-first heap   total 260096K, used 26514K [0x0000000080000000, 0x0000000100000000)
  region size 1024K, 9 young (9216K), 9 survivors (9216K)
 Metaspace       used 37976K, capacity 38894K, committed 39040K, reserved 550912K
  class space    used 4804K, capacity 5156K, committed 5248K, reserved 516096K
}
Event: 70.959 GC heap before
{Heap before GC invocations=6 (full 0):
 garbage-first heap   total 260096K, used 114578K [0x0000000080000000, 0x0000000100000000)
  region size 1024K, 93 young (95232K), 9 survivors (9216K)
 Metaspace       used 43122K, capacity 44255K, committed 44376K, reserved 555008K
  class space    used 5447K, capacity 5925K, committed 6016K, reserved 516096K
}
Event: 70.974 GC heap after
{Heap after GC invocations=7 (full 0):
 garbage-first heap   total 260096K, used 30460K [0x0000000080000000, 0x0000000100000000)
  region size 1024K, 13 young (13312K), 13 survivors (13312K)
 Metaspace       used 43122K, capacity 44255K, committed 44376K, reserved 555008K
  class space    used 5447K, capacity 5925K, committed 6016K, reserved 516096K
}
Event: 149.183 GC heap before
{Heap before GC invocations=8 (full 0):
 garbage-first heap   total 260096K, used 178940K [0x0000000080000000, 0x0000000100000000)
  region size 1024K, 152 young (155648K), 13 survivors (13312K)
 Metaspace       used 52577K, capacity 54156K, committed 54232K, reserved 563200K
  class space    used 6730K, capacity 7391K, committed 7424K, reserved 516096K
}
Event: 149.198 GC heap after
{Heap after GC invocations=9 (full 0):
 garbage-first heap   total 260096K, used 42151K [0x0000000080000000, 0x0000000100000000)
  region size 1024K, 16 young (16384K), 16 survivors (16384K)
 Metaspace       used 52577K, capacity 54156K, committed 54232K, reserved 563200K
  class space    used 6730K, capacity 7391K, committed 7424K, reserved 516096K
}
Event: 158.069 GC heap before
{Heap before GC invocations=9 (full 0):
 garbage-first heap   total 260096K, used 181415K [0x0000000080000000, 0x0000000100000000)
  region size 1024K, 152 young (155648K), 16 survivors (16384K)
 Metaspace       used 64618K, capacity 66471K, committed 66648K, reserved 575488K
  class space    used 8349K, capacity 9083K, committed 9088K, reserved 516096K
}
Event: 158.087 GC heap after
{Heap after GC invocations=10 (full 0):
 garbage-first heap   total 260096K, used 48836K [0x0000000080000000, 0x0000000100000000)
  region size 1024K, 13 young (13312K), 13 survivors (13312K)
 Metaspace       used 64618K, capacity 66471K, committed 66648K, reserved 575488K
  class space    used 8349K, capacity 9083K, committed 9088K, reserved 516096K
}
Event: 175.352 GC heap before
{Heap before GC invocations=10 (full 0):
 garbage-first heap   total 260096K, used 172740K [0x0000000080000000, 0x0000000100000000)
  region size 1024K, 136 young (139264K), 13 survivors (13312K)
 Metaspace       used 72038K, capacity 74167K, committed 74328K, reserved 581632K
  class space    used 9359K, capacity 10258K, committed 10368K, reserved 516096K
}
Event: 175.371 GC heap after
{Heap after GC invocations=11 (full 0):
 garbage-first heap   total 260096K, used 55841K [0x0000000080000000, 0x0000000100000000)
  region size 1024K, 14 young (14336K), 14 survivors (14336K)
 Metaspace       used 72038K, capacity 74167K, committed 74328K, reserved 581632K
  class space    used 9359K, capacity 10258K, committed 10368K, reserved 516096K
}
Event: 235.291 GC heap before
{Heap before GC invocations=12 (full 0):
 garbage-first heap   total 260096K, used 207393K [0x0000000080000000, 0x0000000100000000)
  region size 1024K, 152 young (155648K), 14 survivors (14336K)
 Metaspace       used 82153K, capacity 84568K, committed 84696K, reserved 589824K
  class space    used 10531K, capacity 11509K, committed 11520K, reserved 516096K
}
Event: 235.326 GC heap after
{Heap after GC invocations=13 (full 0):
 garbage-first heap   total 260096K, used 69242K [0x0000000080000000, 0x0000000100000000)
  region size 1024K, 19 young (19456K), 19 survivors (19456K)
 Metaspace       used 82153K, capacity 84568K, committed 84696K, reserved 589824K
  class space    used 10531K, capacity 11509K, committed 11520K, reserved 516096K
}

